[     307ms] [ERROR] Creating a worker from 'blob:http://localhost:3000/5ed8c957-12ab-41f0-8a98-fa417b6984da' violates the following Content Security Policy directive: "script-src 'self' 'unsafe-inline' https://va.vercel-scripts.com". Note that 'worker-src' was not explicitly set, so 'script-src' is used as a fallback. The action has been blocked. @ http://localhost:3000/_next/static/chunks/11o9_%40sentry-internal_replay_build_npm_esm_index_00bkc.j.js:5098
[     335ms] [ERROR] eval() is not supported in this environment. If this page was served with a `Content-Security-Policy` header, make sure that `unsafe-eval` is included. React requires eval() in development mode for various debugging features like reconstructing callstacks from a different environment.
React will never use eval() in production mode @ http://localhost:3000/_next/static/chunks/11o9_%40sentry_core_build_esm_0v2b_~x._.js:10069
[     509ms] [ERROR] Failed to load resource: the server responded with a status of 401 (Unauthorized) @ http://localhost:3000/api/admin/impersonate:0
[   13209ms] [ERROR] Creating a worker from 'blob:http://localhost:3000/01781520-1fde-49b3-a083-5f22144a59b6' violates the following Content Security Policy directive: "script-src 'self' 'unsafe-inline' https://va.vercel-scripts.com". Note that 'worker-src' was not explicitly set, so 'script-src' is used as a fallback. The action has been blocked. @ http://localhost:3000/_next/static/chunks/11o9_%40sentry-internal_replay_build_npm_esm_index_00bkc.j.js:5098
[   13217ms] [ERROR] eval() is not supported in this environment. If this page was served with a `Content-Security-Policy` header, make sure that `unsafe-eval` is included. React requires eval() in development mode for various debugging features like reconstructing callstacks from a different environment.
React will never use eval() in production mode @ http://localhost:3000/_next/static/chunks/11o9_%40sentry_core_build_esm_0v2b_~x._.js:10069
[   30345ms] [WARNING] [Fast Refresh] performing full reload

Fast Refresh will perform a full reload when you edit a file that's imported by modules outside of the React rendering tree.
You might have a file which exports a React component but also exports a value that is imported by a non-React component file.
Consider migrating the non-React component export to a separate file and importing it into both files.

It is also possible the parent component of the component you edited is a class component, which disables Fast Refresh.
Fast Refresh requires at least one parent function component in your React tree. @ http://localhost:3000/_next/static/chunks/11o9_%40sentry_core_build_esm_0v2b_~x._.js:10069
[   32221ms] [WARNING] [Fast Refresh] performing full reload

Fast Refresh will perform a full reload when you edit a file that's imported by modules outside of the React rendering tree.
You might have a file which exports a React component but also exports a value that is imported by a non-React component file.
Consider migrating the non-React component export to a separate file and importing it into both files.

It is also possible the parent component of the component you edited is a class component, which disables Fast Refresh.
Fast Refresh requires at least one parent function component in your React tree. @ http://localhost:3000/_next/static/chunks/11o9_%40sentry_core_build_esm_0v2b_~x._.js:10069
[   32390ms] [ERROR] Creating a worker from 'blob:http://localhost:3000/65a4222f-58ea-4e19-ab4c-4491cf981c09' violates the following Content Security Policy directive: "script-src 'self' 'unsafe-inline' https://va.vercel-scripts.com". Note that 'worker-src' was not explicitly set, so 'script-src' is used as a fallback. The action has been blocked. @ http://localhost:3000/_next/static/chunks/11o9_%40sentry-internal_replay_build_npm_esm_index_00bkc.j.js:5098
[   32394ms] [ERROR] eval() is not supported in this environment. If this page was served with a `Content-Security-Policy` header, make sure that `unsafe-eval` is included. React requires eval() in development mode for various debugging features like reconstructing callstacks from a different environment.
React will never use eval() in production mode @ http://localhost:3000/_next/static/chunks/11o9_%40sentry_core_build_esm_0v2b_~x._.js:10069
